<?xml version="1.0" encoding="UTF-8"?>
<!-- Generated by org.testng.reporters.JUnitXMLReporter -->
<testsuite ignored="0" hostname="NAVS-NOTEBOOK" failures="1" tests="1" name="firefoxTest" time="159.892" errors="0" timestamp="2024-02-26T12:59:08 IST">
  <testcase classname="testCases.Tc_001_AccountRegistrationPage" name="test_account_registration" time="12.847">
    <failure type="java.lang.AssertionError" message="null">
      <![CDATA[java.lang.AssertionError: null
at testCases.Tc_001_AccountRegistrationPage.test_account_registration(Tc_001_AccountRegistrationPage.java:51)
at java.base/java.util.ArrayList.forEach(ArrayList.java:1511)
at java.base/java.util.concurrent.FutureTask.run(FutureTask.java:264)
at java.base/java.util.concurrent.ThreadPoolExecutor.runWorker(ThreadPoolExecutor.java:1136)
at java.base/java.util.concurrent.ThreadPoolExecutor$Worker.run(ThreadPoolExecutor.java:635)
at java.base/java.lang.Thread.run(Thread.java:842)
... Removed 19 stack frames]]>
    </failure>
  </testcase> <!-- test_account_registration -->
</testsuite> <!-- firefoxTest -->
